mode: set
github.com/1Asi1/metric-track.git/internal/agent/config/config.go:27.46,40.8 10 1
github.com/1Asi1/metric-track.git/internal/agent/config/config.go:40.8,43.3 2 0
github.com/1Asi1/metric-track.git/internal/agent/config/config.go:43.8,46.3 2 1
github.com/1Asi1/metric-track.git/internal/agent/config/config.go:48.2,49.8 2 1
github.com/1Asi1/metric-track.git/internal/agent/config/config.go:49.8,51.17 2 0
github.com/1Asi1/metric-track.git/internal/agent/config/config.go:51.17,54.4 2 0
github.com/1Asi1/metric-track.git/internal/agent/config/config.go:56.3,56.53 1 0
github.com/1Asi1/metric-track.git/internal/agent/config/config.go:57.8,59.3 1 1
github.com/1Asi1/metric-track.git/internal/agent/config/config.go:61.2,62.8 2 1
github.com/1Asi1/metric-track.git/internal/agent/config/config.go:62.8,64.17 2 0
github.com/1Asi1/metric-track.git/internal/agent/config/config.go:64.17,66.4 1 0
github.com/1Asi1/metric-track.git/internal/agent/config/config.go:68.3,68.55 1 0
github.com/1Asi1/metric-track.git/internal/agent/config/config.go:69.8,71.3 1 1
github.com/1Asi1/metric-track.git/internal/agent/config/config.go:73.2,74.8 2 1
github.com/1Asi1/metric-track.git/internal/agent/config/config.go:74.8,76.3 1 0
github.com/1Asi1/metric-track.git/internal/agent/config/config.go:76.8,78.3 1 1
github.com/1Asi1/metric-track.git/internal/agent/config/config.go:80.2,81.8 2 1
github.com/1Asi1/metric-track.git/internal/agent/config/config.go:81.8,83.17 2 0
github.com/1Asi1/metric-track.git/internal/agent/config/config.go:83.17,85.4 1 0
github.com/1Asi1/metric-track.git/internal/agent/config/config.go:87.3,87.21 1 0
github.com/1Asi1/metric-track.git/internal/agent/config/config.go:88.8,90.3 1 1
github.com/1Asi1/metric-track.git/internal/agent/config/config.go:92.2,92.17 1 1
github.com/1Asi1/metric-track.git/internal/agent/config/config.go:27.46,40.8 10 0
github.com/1Asi1/metric-track.git/internal/agent/config/config.go:40.8,43.3 2 0
github.com/1Asi1/metric-track.git/internal/agent/config/config.go:43.8,46.3 2 0
github.com/1Asi1/metric-track.git/internal/agent/config/config.go:48.2,49.8 2 0
github.com/1Asi1/metric-track.git/internal/agent/config/config.go:49.8,51.17 2 0
github.com/1Asi1/metric-track.git/internal/agent/config/config.go:51.17,54.4 2 0
github.com/1Asi1/metric-track.git/internal/agent/config/config.go:56.3,56.53 1 0
github.com/1Asi1/metric-track.git/internal/agent/config/config.go:57.8,59.3 1 0
github.com/1Asi1/metric-track.git/internal/agent/config/config.go:61.2,62.8 2 0
github.com/1Asi1/metric-track.git/internal/agent/config/config.go:62.8,64.17 2 0
github.com/1Asi1/metric-track.git/internal/agent/config/config.go:64.17,66.4 1 0
github.com/1Asi1/metric-track.git/internal/agent/config/config.go:68.3,68.55 1 0
github.com/1Asi1/metric-track.git/internal/agent/config/config.go:69.8,71.3 1 0
github.com/1Asi1/metric-track.git/internal/agent/config/config.go:73.2,74.8 2 0
github.com/1Asi1/metric-track.git/internal/agent/config/config.go:74.8,76.3 1 0
github.com/1Asi1/metric-track.git/internal/agent/config/config.go:76.8,78.3 1 0
github.com/1Asi1/metric-track.git/internal/agent/config/config.go:80.2,81.8 2 0
github.com/1Asi1/metric-track.git/internal/agent/config/config.go:81.8,83.17 2 0
github.com/1Asi1/metric-track.git/internal/agent/config/config.go:83.17,85.4 1 0
github.com/1Asi1/metric-track.git/internal/agent/config/config.go:87.3,87.21 1 0
github.com/1Asi1/metric-track.git/internal/agent/config/config.go:88.8,90.3 1 0
github.com/1Asi1/metric-track.git/internal/agent/config/config.go:92.2,92.17 1 0
github.com/1Asi1/metric-track.git/internal/agent/service/metric.go:24.57,29.2 1 1
github.com/1Asi1/metric-track.git/internal/agent/service/metric.go:31.37,35.16 3 1
github.com/1Asi1/metric-track.git/internal/agent/service/metric.go:35.16,37.3 1 0
github.com/1Asi1/metric-track.git/internal/agent/service/metric.go:38.2,39.16 2 1
github.com/1Asi1/metric-track.git/internal/agent/service/metric.go:39.16,41.3 1 0
github.com/1Asi1/metric-track.git/internal/agent/service/metric.go:43.2,83.26 5 1
github.com/1Asi1/metric-track.git/internal/server/config/config.go:22.46,36.8 12 0
github.com/1Asi1/metric-track.git/internal/server/config/config.go:36.8,39.3 2 0
github.com/1Asi1/metric-track.git/internal/server/config/config.go:39.8,42.3 2 0
github.com/1Asi1/metric-track.git/internal/server/config/config.go:44.2,45.8 2 0
github.com/1Asi1/metric-track.git/internal/server/config/config.go:45.8,48.3 2 0
github.com/1Asi1/metric-track.git/internal/server/config/config.go:48.8,51.3 2 0
github.com/1Asi1/metric-track.git/internal/server/config/config.go:53.2,54.8 2 0
github.com/1Asi1/metric-track.git/internal/server/config/config.go:54.8,56.17 2 0
github.com/1Asi1/metric-track.git/internal/server/config/config.go:56.17,58.4 1 0
github.com/1Asi1/metric-track.git/internal/server/config/config.go:60.3,60.54 1 0
github.com/1Asi1/metric-track.git/internal/server/config/config.go:61.8,63.3 1 0
github.com/1Asi1/metric-track.git/internal/server/config/config.go:65.2,66.8 2 0
github.com/1Asi1/metric-track.git/internal/server/config/config.go:66.8,69.3 2 0
github.com/1Asi1/metric-track.git/internal/server/config/config.go:69.8,72.3 2 0
github.com/1Asi1/metric-track.git/internal/server/config/config.go:74.2,75.8 2 0
github.com/1Asi1/metric-track.git/internal/server/config/config.go:75.8,77.3 1 0
github.com/1Asi1/metric-track.git/internal/server/config/config.go:77.8,79.3 1 0
github.com/1Asi1/metric-track.git/internal/server/config/config.go:81.2,82.8 2 0
github.com/1Asi1/metric-track.git/internal/server/config/config.go:82.8,84.3 1 0
github.com/1Asi1/metric-track.git/internal/server/config/config.go:84.8,86.3 1 0
github.com/1Asi1/metric-track.git/internal/server/config/config.go:88.2,91.17 3 0
github.com/1Asi1/metric-track.git/internal/server/repository/memory/store.go:53.55,61.29 3 0
github.com/1Asi1/metric-track.git/internal/server/repository/memory/store.go:61.29,63.23 1 0
github.com/1Asi1/metric-track.git/internal/server/repository/memory/store.go:63.23,65.18 2 0
github.com/1Asi1/metric-track.git/internal/server/repository/memory/store.go:65.18,67.5 1 0
github.com/1Asi1/metric-track.git/internal/server/repository/memory/store.go:69.4,69.21 1 0
github.com/1Asi1/metric-track.git/internal/server/repository/memory/store.go:69.21,71.5 1 0
github.com/1Asi1/metric-track.git/internal/server/repository/memory/store.go:75.3,83.19 3 0
github.com/1Asi1/metric-track.git/internal/server/repository/memory/store.go:86.2,86.14 1 0
github.com/1Asi1/metric-track.git/internal/server/repository/memory/store.go:89.72,91.2 1 0
github.com/1Asi1/metric-track.git/internal/server/repository/memory/store.go:93.77,94.34 1 0
github.com/1Asi1/metric-track.git/internal/server/repository/memory/store.go:94.34,96.3 1 0
github.com/1Asi1/metric-track.git/internal/server/repository/memory/store.go:98.2,98.28 1 0
github.com/1Asi1/metric-track.git/internal/server/repository/memory/store.go:101.85,102.25 1 0
github.com/1Asi1/metric-track.git/internal/server/repository/memory/store.go:102.25,104.3 1 0
github.com/1Asi1/metric-track.git/internal/server/repository/memory/store.go:107.35,109.2 1 0
github.com/1Asi1/metric-track.git/internal/server/repository/memory/store.go:111.71,113.2 1 0
github.com/1Asi1/metric-track.git/internal/server/repository/memory/store.go:115.70,117.2 1 1
github.com/1Asi1/metric-track.git/internal/server/repository/memory/store.go:119.75,120.46 1 1
github.com/1Asi1/metric-track.git/internal/server/repository/memory/store.go:120.46,122.3 1 0
github.com/1Asi1/metric-track.git/internal/server/repository/memory/store.go:124.2,124.40 1 1
github.com/1Asi1/metric-track.git/internal/server/repository/memory/store.go:127.83,129.25 2 1
github.com/1Asi1/metric-track.git/internal/server/repository/memory/store.go:129.25,131.3 1 1
github.com/1Asi1/metric-track.git/internal/server/repository/memory/store.go:133.2,134.16 2 1
github.com/1Asi1/metric-track.git/internal/server/repository/memory/store.go:134.16,136.3 1 0
github.com/1Asi1/metric-track.git/internal/server/repository/memory/store.go:139.33,141.2 1 1
github.com/1Asi1/metric-track.git/internal/server/repository/memory/store.go:143.69,145.2 1 1
github.com/1Asi1/metric-track.git/internal/server/repository/memory/store.go:147.44,150.26 2 0
github.com/1Asi1/metric-track.git/internal/server/repository/memory/store.go:150.26,152.22 2 0
github.com/1Asi1/metric-track.git/internal/server/repository/memory/store.go:152.22,154.18 2 0
github.com/1Asi1/metric-track.git/internal/server/repository/memory/store.go:154.18,156.5 1 0
github.com/1Asi1/metric-track.git/internal/server/repository/memory/store.go:158.4,159.18 2 0
github.com/1Asi1/metric-track.git/internal/server/repository/memory/store.go:159.18,162.5 1 0
github.com/1Asi1/metric-track.git/internal/server/repository/memory/store.go:164.4,168.32 4 0
github.com/1Asi1/metric-track.git/internal/server/repository/memory/store.go:173.42,174.26 1 1
github.com/1Asi1/metric-track.git/internal/server/repository/memory/store.go:174.26,176.17 2 1
github.com/1Asi1/metric-track.git/internal/server/repository/memory/store.go:176.17,178.4 1 0
github.com/1Asi1/metric-track.git/internal/server/repository/memory/store.go:180.3,181.17 2 1
github.com/1Asi1/metric-track.git/internal/server/repository/memory/store.go:181.17,183.4 1 0
github.com/1Asi1/metric-track.git/internal/server/repository/memory/store.go:184.3,184.16 1 1
github.com/1Asi1/metric-track.git/internal/server/repository/memory/store.go:184.16,184.38 1 1
github.com/1Asi1/metric-track.git/internal/server/repository/memory/store.go:186.3,187.33 2 1
github.com/1Asi1/metric-track.git/internal/server/repository/memory/store.go:190.2,190.12 1 1
github.com/1Asi1/metric-track.git/internal/server/repository/memory/store.go:193.45,195.36 2 1
github.com/1Asi1/metric-track.git/internal/server/repository/memory/store.go:195.36,196.42 1 1
github.com/1Asi1/metric-track.git/internal/server/repository/memory/store.go:196.42,204.4 2 1
github.com/1Asi1/metric-track.git/internal/server/repository/memory/store.go:205.8,207.3 1 0
github.com/1Asi1/metric-track.git/internal/server/repository/memory/store.go:209.2,210.16 2 1
github.com/1Asi1/metric-track.git/internal/server/repository/memory/store.go:210.16,212.3 1 0
github.com/1Asi1/metric-track.git/internal/server/repository/memory/store.go:214.2,214.18 1 1
github.com/1Asi1/metric-track.git/internal/server/repository/memory/store.go:217.76,219.16 2 0
github.com/1Asi1/metric-track.git/internal/server/repository/memory/store.go:219.16,221.3 1 0
github.com/1Asi1/metric-track.git/internal/server/repository/memory/store.go:223.2,225.21 3 0
github.com/1Asi1/metric-track.git/internal/server/repository/memory/store.go:225.21,227.3 1 0
github.com/1Asi1/metric-track.git/internal/server/repository/memory/store.go:229.2,230.20 2 0
github.com/1Asi1/metric-track.git/internal/server/repository/memory/store.go:230.20,233.17 3 0
github.com/1Asi1/metric-track.git/internal/server/repository/memory/store.go:233.17,235.4 1 0
github.com/1Asi1/metric-track.git/internal/server/repository/memory/store.go:237.3,237.29 1 0
github.com/1Asi1/metric-track.git/internal/server/repository/memory/store.go:237.29,242.4 1 0
github.com/1Asi1/metric-track.git/internal/server/repository/memory/store.go:245.2,246.16 2 0
github.com/1Asi1/metric-track.git/internal/server/repository/memory/store.go:246.16,248.3 1 0
github.com/1Asi1/metric-track.git/internal/server/repository/memory/store.go:250.2,250.20 1 0
github.com/1Asi1/metric-track.git/internal/server/config/config.go:22.46,36.8 12 1
github.com/1Asi1/metric-track.git/internal/server/config/config.go:36.8,39.3 2 0
github.com/1Asi1/metric-track.git/internal/server/config/config.go:39.8,42.3 2 1
github.com/1Asi1/metric-track.git/internal/server/config/config.go:44.2,45.8 2 1
github.com/1Asi1/metric-track.git/internal/server/config/config.go:45.8,48.3 2 0
github.com/1Asi1/metric-track.git/internal/server/config/config.go:48.8,51.3 2 1
github.com/1Asi1/metric-track.git/internal/server/config/config.go:53.2,54.8 2 1
github.com/1Asi1/metric-track.git/internal/server/config/config.go:54.8,56.17 2 0
github.com/1Asi1/metric-track.git/internal/server/config/config.go:56.17,58.4 1 0
github.com/1Asi1/metric-track.git/internal/server/config/config.go:60.3,60.54 1 0
github.com/1Asi1/metric-track.git/internal/server/config/config.go:61.8,63.3 1 1
github.com/1Asi1/metric-track.git/internal/server/config/config.go:65.2,66.8 2 1
github.com/1Asi1/metric-track.git/internal/server/config/config.go:66.8,69.3 2 0
github.com/1Asi1/metric-track.git/internal/server/config/config.go:69.8,72.3 2 1
github.com/1Asi1/metric-track.git/internal/server/config/config.go:74.2,75.8 2 1
github.com/1Asi1/metric-track.git/internal/server/config/config.go:75.8,77.3 1 0
github.com/1Asi1/metric-track.git/internal/server/config/config.go:77.8,79.3 1 1
github.com/1Asi1/metric-track.git/internal/server/config/config.go:81.2,82.8 2 1
github.com/1Asi1/metric-track.git/internal/server/config/config.go:82.8,84.3 1 0
github.com/1Asi1/metric-track.git/internal/server/config/config.go:84.8,86.3 1 1
github.com/1Asi1/metric-track.git/internal/server/config/config.go:88.2,91.17 3 1
github.com/1Asi1/metric-track.git/internal/server/config/config.go:22.46,36.8 12 0
github.com/1Asi1/metric-track.git/internal/server/config/config.go:36.8,39.3 2 0
github.com/1Asi1/metric-track.git/internal/server/config/config.go:39.8,42.3 2 0
github.com/1Asi1/metric-track.git/internal/server/config/config.go:44.2,45.8 2 0
github.com/1Asi1/metric-track.git/internal/server/config/config.go:45.8,48.3 2 0
github.com/1Asi1/metric-track.git/internal/server/config/config.go:48.8,51.3 2 0
github.com/1Asi1/metric-track.git/internal/server/config/config.go:53.2,54.8 2 0
github.com/1Asi1/metric-track.git/internal/server/config/config.go:54.8,56.17 2 0
github.com/1Asi1/metric-track.git/internal/server/config/config.go:56.17,58.4 1 0
github.com/1Asi1/metric-track.git/internal/server/config/config.go:60.3,60.54 1 0
github.com/1Asi1/metric-track.git/internal/server/config/config.go:61.8,63.3 1 0
github.com/1Asi1/metric-track.git/internal/server/config/config.go:65.2,66.8 2 0
github.com/1Asi1/metric-track.git/internal/server/config/config.go:66.8,69.3 2 0
github.com/1Asi1/metric-track.git/internal/server/config/config.go:69.8,72.3 2 0
github.com/1Asi1/metric-track.git/internal/server/config/config.go:74.2,75.8 2 0
github.com/1Asi1/metric-track.git/internal/server/config/config.go:75.8,77.3 1 0
github.com/1Asi1/metric-track.git/internal/server/config/config.go:77.8,79.3 1 0
github.com/1Asi1/metric-track.git/internal/server/config/config.go:81.2,82.8 2 0
github.com/1Asi1/metric-track.git/internal/server/config/config.go:82.8,84.3 1 0
github.com/1Asi1/metric-track.git/internal/server/config/config.go:84.8,86.3 1 0
github.com/1Asi1/metric-track.git/internal/server/config/config.go:88.2,91.17 3 0
github.com/1Asi1/metric-track.git/internal/server/repository/memory/store.go:53.55,61.29 3 1
github.com/1Asi1/metric-track.git/internal/server/repository/memory/store.go:61.29,63.23 1 0
github.com/1Asi1/metric-track.git/internal/server/repository/memory/store.go:63.23,65.18 2 0
github.com/1Asi1/metric-track.git/internal/server/repository/memory/store.go:65.18,67.5 1 0
github.com/1Asi1/metric-track.git/internal/server/repository/memory/store.go:69.4,69.21 1 0
github.com/1Asi1/metric-track.git/internal/server/repository/memory/store.go:69.21,71.5 1 0
github.com/1Asi1/metric-track.git/internal/server/repository/memory/store.go:75.3,83.19 3 0
github.com/1Asi1/metric-track.git/internal/server/repository/memory/store.go:86.2,86.14 1 1
github.com/1Asi1/metric-track.git/internal/server/repository/memory/store.go:89.72,91.2 1 1
github.com/1Asi1/metric-track.git/internal/server/repository/memory/store.go:93.77,94.34 1 1
github.com/1Asi1/metric-track.git/internal/server/repository/memory/store.go:94.34,96.3 1 1
github.com/1Asi1/metric-track.git/internal/server/repository/memory/store.go:98.2,98.28 1 0
github.com/1Asi1/metric-track.git/internal/server/repository/memory/store.go:101.85,102.25 1 1
github.com/1Asi1/metric-track.git/internal/server/repository/memory/store.go:102.25,104.3 1 1
github.com/1Asi1/metric-track.git/internal/server/repository/memory/store.go:107.35,109.2 1 0
github.com/1Asi1/metric-track.git/internal/server/repository/memory/store.go:111.71,113.2 1 1
github.com/1Asi1/metric-track.git/internal/server/repository/memory/store.go:115.70,117.2 1 0
github.com/1Asi1/metric-track.git/internal/server/repository/memory/store.go:119.75,120.46 1 0
github.com/1Asi1/metric-track.git/internal/server/repository/memory/store.go:120.46,122.3 1 0
github.com/1Asi1/metric-track.git/internal/server/repository/memory/store.go:124.2,124.40 1 0
github.com/1Asi1/metric-track.git/internal/server/repository/memory/store.go:127.83,129.25 2 0
github.com/1Asi1/metric-track.git/internal/server/repository/memory/store.go:129.25,131.3 1 0
github.com/1Asi1/metric-track.git/internal/server/repository/memory/store.go:133.2,134.16 2 0
github.com/1Asi1/metric-track.git/internal/server/repository/memory/store.go:134.16,136.3 1 0
github.com/1Asi1/metric-track.git/internal/server/repository/memory/store.go:139.33,141.2 1 0
github.com/1Asi1/metric-track.git/internal/server/repository/memory/store.go:143.69,145.2 1 0
github.com/1Asi1/metric-track.git/internal/server/repository/memory/store.go:147.44,150.26 2 0
github.com/1Asi1/metric-track.git/internal/server/repository/memory/store.go:150.26,152.22 2 0
github.com/1Asi1/metric-track.git/internal/server/repository/memory/store.go:152.22,154.18 2 0
github.com/1Asi1/metric-track.git/internal/server/repository/memory/store.go:154.18,156.5 1 0
github.com/1Asi1/metric-track.git/internal/server/repository/memory/store.go:158.4,159.18 2 0
github.com/1Asi1/metric-track.git/internal/server/repository/memory/store.go:159.18,162.5 1 0
github.com/1Asi1/metric-track.git/internal/server/repository/memory/store.go:164.4,168.32 4 0
github.com/1Asi1/metric-track.git/internal/server/repository/memory/store.go:173.42,174.26 1 0
github.com/1Asi1/metric-track.git/internal/server/repository/memory/store.go:174.26,176.17 2 0
github.com/1Asi1/metric-track.git/internal/server/repository/memory/store.go:176.17,178.4 1 0
github.com/1Asi1/metric-track.git/internal/server/repository/memory/store.go:180.3,181.17 2 0
github.com/1Asi1/metric-track.git/internal/server/repository/memory/store.go:181.17,183.4 1 0
github.com/1Asi1/metric-track.git/internal/server/repository/memory/store.go:184.3,184.16 1 0
github.com/1Asi1/metric-track.git/internal/server/repository/memory/store.go:184.16,184.38 1 0
github.com/1Asi1/metric-track.git/internal/server/repository/memory/store.go:186.3,187.33 2 0
github.com/1Asi1/metric-track.git/internal/server/repository/memory/store.go:190.2,190.12 1 0
github.com/1Asi1/metric-track.git/internal/server/repository/memory/store.go:193.45,195.36 2 0
github.com/1Asi1/metric-track.git/internal/server/repository/memory/store.go:195.36,196.42 1 0
github.com/1Asi1/metric-track.git/internal/server/repository/memory/store.go:196.42,204.4 2 0
github.com/1Asi1/metric-track.git/internal/server/repository/memory/store.go:205.8,207.3 1 0
github.com/1Asi1/metric-track.git/internal/server/repository/memory/store.go:209.2,210.16 2 0
github.com/1Asi1/metric-track.git/internal/server/repository/memory/store.go:210.16,212.3 1 0
github.com/1Asi1/metric-track.git/internal/server/repository/memory/store.go:214.2,214.18 1 0
github.com/1Asi1/metric-track.git/internal/server/repository/memory/store.go:217.76,219.16 2 0
github.com/1Asi1/metric-track.git/internal/server/repository/memory/store.go:219.16,221.3 1 0
github.com/1Asi1/metric-track.git/internal/server/repository/memory/store.go:223.2,225.21 3 0
github.com/1Asi1/metric-track.git/internal/server/repository/memory/store.go:225.21,227.3 1 0
github.com/1Asi1/metric-track.git/internal/server/repository/memory/store.go:229.2,230.20 2 0
github.com/1Asi1/metric-track.git/internal/server/repository/memory/store.go:230.20,233.17 3 0
github.com/1Asi1/metric-track.git/internal/server/repository/memory/store.go:233.17,235.4 1 0
github.com/1Asi1/metric-track.git/internal/server/repository/memory/store.go:237.3,237.29 1 0
github.com/1Asi1/metric-track.git/internal/server/repository/memory/store.go:237.29,242.4 1 0
github.com/1Asi1/metric-track.git/internal/server/repository/memory/store.go:245.2,246.16 2 0
github.com/1Asi1/metric-track.git/internal/server/repository/memory/store.go:246.16,248.3 1 0
github.com/1Asi1/metric-track.git/internal/server/repository/memory/store.go:250.2,250.20 1 0
github.com/1Asi1/metric-track.git/internal/server/service/metric.go:50.51,55.2 1 0
github.com/1Asi1/metric-track.git/internal/server/service/metric.go:57.65,61.16 3 1
github.com/1Asi1/metric-track.git/internal/server/service/metric.go:61.16,64.3 2 0
github.com/1Asi1/metric-track.git/internal/server/service/metric.go:66.2,70.17 3 1
github.com/1Asi1/metric-track.git/internal/server/service/metric.go:73.89,77.16 3 1
github.com/1Asi1/metric-track.git/internal/server/service/metric.go:77.16,80.3 2 1
github.com/1Asi1/metric-track.git/internal/server/service/metric.go:82.2,84.24 2 0
github.com/1Asi1/metric-track.git/internal/server/service/metric.go:84.24,91.3 1 0
github.com/1Asi1/metric-track.git/internal/server/service/metric.go:93.2,98.8 1 0
github.com/1Asi1/metric-track.git/internal/server/service/metric.go:101.89,105.16 3 1
github.com/1Asi1/metric-track.git/internal/server/service/metric.go:105.16,108.3 2 0
github.com/1Asi1/metric-track.git/internal/server/service/metric.go:110.2,112.24 3 1
github.com/1Asi1/metric-track.git/internal/server/service/metric.go:112.24,114.3 1 0
github.com/1Asi1/metric-track.git/internal/server/service/metric.go:114.8,115.27 1 1
github.com/1Asi1/metric-track.git/internal/server/service/metric.go:115.27,117.4 1 0
github.com/1Asi1/metric-track.git/internal/server/service/metric.go:117.9,119.4 1 1
github.com/1Asi1/metric-track.git/internal/server/service/metric.go:121.2,130.8 3 1
github.com/1Asi1/metric-track.git/internal/server/service/metric.go:133.50,135.39 1 0
github.com/1Asi1/metric-track.git/internal/server/service/metric.go:135.39,137.3 1 0
github.com/1Asi1/metric-track.git/internal/server/service/metric.go:139.2,139.12 1 0
github.com/1Asi1/metric-track.git/internal/server/service/metric.go:142.75,144.16 2 1
github.com/1Asi1/metric-track.git/internal/server/service/metric.go:144.16,146.3 1 0
github.com/1Asi1/metric-track.git/internal/server/service/metric.go:148.2,148.24 1 1
github.com/1Asi1/metric-track.git/internal/server/service/metric.go:148.24,150.23 2 1
github.com/1Asi1/metric-track.git/internal/server/service/metric.go:150.23,152.4 1 0
github.com/1Asi1/metric-track.git/internal/server/service/metric.go:152.9,153.28 1 1
github.com/1Asi1/metric-track.git/internal/server/service/metric.go:153.28,155.5 1 0
github.com/1Asi1/metric-track.git/internal/server/service/metric.go:155.10,157.5 1 1
github.com/1Asi1/metric-track.git/internal/server/service/metric.go:159.3,159.21 1 1
github.com/1Asi1/metric-track.git/internal/server/service/metric.go:162.2,164.25 3 1
github.com/1Asi1/metric-track.git/internal/server/service/metric.go:164.25,171.3 2 1
github.com/1Asi1/metric-track.git/internal/server/service/metric.go:173.2,174.16 2 1
github.com/1Asi1/metric-track.git/internal/server/service/metric.go:174.16,176.3 1 0
github.com/1Asi1/metric-track.git/internal/server/service/metric.go:178.2,178.12 1 1
github.com/1Asi1/metric-track.git/internal/server/service/metric.go:181.67,184.26 2 1
github.com/1Asi1/metric-track.git/internal/server/service/metric.go:184.26,188.21 3 0
github.com/1Asi1/metric-track.git/internal/server/service/metric.go:188.21,190.4 1 0
github.com/1Asi1/metric-track.git/internal/server/service/metric.go:192.3,192.23 1 0
github.com/1Asi1/metric-track.git/internal/server/service/metric.go:192.23,194.4 1 0
github.com/1Asi1/metric-track.git/internal/server/service/metric.go:196.3,203.25 1 0
github.com/1Asi1/metric-track.git/internal/server/service/metric.go:206.2,221.12 2 1
github.com/1Asi1/metric-track.git/internal/server/service/metric.go:224.48,234.20 6 0
github.com/1Asi1/metric-track.git/internal/server/service/metric.go:234.20,235.50 1 0
github.com/1Asi1/metric-track.git/internal/server/service/metric.go:235.50,237.18 2 0
github.com/1Asi1/metric-track.git/internal/server/service/metric.go:237.18,239.5 1 0
github.com/1Asi1/metric-track.git/internal/server/service/metric.go:241.4,245.34 4 0
github.com/1Asi1/metric-track.git/internal/server/service/metric.go:249.2,249.33 1 0
github.com/1Asi1/metric-track.git/internal/server/config/config.go:22.46,36.8 12 0
github.com/1Asi1/metric-track.git/internal/server/config/config.go:36.8,39.3 2 0
github.com/1Asi1/metric-track.git/internal/server/config/config.go:39.8,42.3 2 0
github.com/1Asi1/metric-track.git/internal/server/config/config.go:44.2,45.8 2 0
github.com/1Asi1/metric-track.git/internal/server/config/config.go:45.8,48.3 2 0
github.com/1Asi1/metric-track.git/internal/server/config/config.go:48.8,51.3 2 0
github.com/1Asi1/metric-track.git/internal/server/config/config.go:53.2,54.8 2 0
github.com/1Asi1/metric-track.git/internal/server/config/config.go:54.8,56.17 2 0
github.com/1Asi1/metric-track.git/internal/server/config/config.go:56.17,58.4 1 0
github.com/1Asi1/metric-track.git/internal/server/config/config.go:60.3,60.54 1 0
github.com/1Asi1/metric-track.git/internal/server/config/config.go:61.8,63.3 1 0
github.com/1Asi1/metric-track.git/internal/server/config/config.go:65.2,66.8 2 0
github.com/1Asi1/metric-track.git/internal/server/config/config.go:66.8,69.3 2 0
github.com/1Asi1/metric-track.git/internal/server/config/config.go:69.8,72.3 2 0
github.com/1Asi1/metric-track.git/internal/server/config/config.go:74.2,75.8 2 0
github.com/1Asi1/metric-track.git/internal/server/config/config.go:75.8,77.3 1 0
github.com/1Asi1/metric-track.git/internal/server/config/config.go:77.8,79.3 1 0
github.com/1Asi1/metric-track.git/internal/server/config/config.go:81.2,82.8 2 0
github.com/1Asi1/metric-track.git/internal/server/config/config.go:82.8,84.3 1 0
github.com/1Asi1/metric-track.git/internal/server/config/config.go:84.8,86.3 1 0
github.com/1Asi1/metric-track.git/internal/server/config/config.go:88.2,91.17 3 0
github.com/1Asi1/metric-track.git/internal/server/repository/memory/store.go:53.55,61.29 3 1
github.com/1Asi1/metric-track.git/internal/server/repository/memory/store.go:61.29,63.23 1 0
github.com/1Asi1/metric-track.git/internal/server/repository/memory/store.go:63.23,65.18 2 0
github.com/1Asi1/metric-track.git/internal/server/repository/memory/store.go:65.18,67.5 1 0
github.com/1Asi1/metric-track.git/internal/server/repository/memory/store.go:69.4,69.21 1 0
github.com/1Asi1/metric-track.git/internal/server/repository/memory/store.go:69.21,71.5 1 0
github.com/1Asi1/metric-track.git/internal/server/repository/memory/store.go:75.3,83.19 3 0
github.com/1Asi1/metric-track.git/internal/server/repository/memory/store.go:86.2,86.14 1 1
github.com/1Asi1/metric-track.git/internal/server/repository/memory/store.go:89.72,91.2 1 1
github.com/1Asi1/metric-track.git/internal/server/repository/memory/store.go:93.77,94.34 1 1
github.com/1Asi1/metric-track.git/internal/server/repository/memory/store.go:94.34,96.3 1 1
github.com/1Asi1/metric-track.git/internal/server/repository/memory/store.go:98.2,98.28 1 1
github.com/1Asi1/metric-track.git/internal/server/repository/memory/store.go:101.85,102.25 1 1
github.com/1Asi1/metric-track.git/internal/server/repository/memory/store.go:102.25,104.3 1 1
github.com/1Asi1/metric-track.git/internal/server/repository/memory/store.go:107.35,109.2 1 1
github.com/1Asi1/metric-track.git/internal/server/repository/memory/store.go:111.71,113.2 1 1
github.com/1Asi1/metric-track.git/internal/server/repository/memory/store.go:115.70,117.2 1 0
github.com/1Asi1/metric-track.git/internal/server/repository/memory/store.go:119.75,120.46 1 0
github.com/1Asi1/metric-track.git/internal/server/repository/memory/store.go:120.46,122.3 1 0
github.com/1Asi1/metric-track.git/internal/server/repository/memory/store.go:124.2,124.40 1 0
github.com/1Asi1/metric-track.git/internal/server/repository/memory/store.go:127.83,129.25 2 0
github.com/1Asi1/metric-track.git/internal/server/repository/memory/store.go:129.25,131.3 1 0
github.com/1Asi1/metric-track.git/internal/server/repository/memory/store.go:133.2,134.16 2 0
github.com/1Asi1/metric-track.git/internal/server/repository/memory/store.go:134.16,136.3 1 0
github.com/1Asi1/metric-track.git/internal/server/repository/memory/store.go:139.33,141.2 1 0
github.com/1Asi1/metric-track.git/internal/server/repository/memory/store.go:143.69,145.2 1 0
github.com/1Asi1/metric-track.git/internal/server/repository/memory/store.go:147.44,150.26 2 0
github.com/1Asi1/metric-track.git/internal/server/repository/memory/store.go:150.26,152.22 2 0
github.com/1Asi1/metric-track.git/internal/server/repository/memory/store.go:152.22,154.18 2 0
github.com/1Asi1/metric-track.git/internal/server/repository/memory/store.go:154.18,156.5 1 0
github.com/1Asi1/metric-track.git/internal/server/repository/memory/store.go:158.4,159.18 2 0
github.com/1Asi1/metric-track.git/internal/server/repository/memory/store.go:159.18,162.5 1 0
github.com/1Asi1/metric-track.git/internal/server/repository/memory/store.go:164.4,168.32 4 0
github.com/1Asi1/metric-track.git/internal/server/repository/memory/store.go:173.42,174.26 1 0
github.com/1Asi1/metric-track.git/internal/server/repository/memory/store.go:174.26,176.17 2 0
github.com/1Asi1/metric-track.git/internal/server/repository/memory/store.go:176.17,178.4 1 0
github.com/1Asi1/metric-track.git/internal/server/repository/memory/store.go:180.3,181.17 2 0
github.com/1Asi1/metric-track.git/internal/server/repository/memory/store.go:181.17,183.4 1 0
github.com/1Asi1/metric-track.git/internal/server/repository/memory/store.go:184.3,184.16 1 0
github.com/1Asi1/metric-track.git/internal/server/repository/memory/store.go:184.16,184.38 1 0
github.com/1Asi1/metric-track.git/internal/server/repository/memory/store.go:186.3,187.33 2 0
github.com/1Asi1/metric-track.git/internal/server/repository/memory/store.go:190.2,190.12 1 0
github.com/1Asi1/metric-track.git/internal/server/repository/memory/store.go:193.45,195.36 2 0
github.com/1Asi1/metric-track.git/internal/server/repository/memory/store.go:195.36,196.42 1 0
github.com/1Asi1/metric-track.git/internal/server/repository/memory/store.go:196.42,204.4 2 0
github.com/1Asi1/metric-track.git/internal/server/repository/memory/store.go:205.8,207.3 1 0
github.com/1Asi1/metric-track.git/internal/server/repository/memory/store.go:209.2,210.16 2 0
github.com/1Asi1/metric-track.git/internal/server/repository/memory/store.go:210.16,212.3 1 0
github.com/1Asi1/metric-track.git/internal/server/repository/memory/store.go:214.2,214.18 1 0
github.com/1Asi1/metric-track.git/internal/server/repository/memory/store.go:217.76,219.16 2 0
github.com/1Asi1/metric-track.git/internal/server/repository/memory/store.go:219.16,221.3 1 0
github.com/1Asi1/metric-track.git/internal/server/repository/memory/store.go:223.2,225.21 3 0
github.com/1Asi1/metric-track.git/internal/server/repository/memory/store.go:225.21,227.3 1 0
github.com/1Asi1/metric-track.git/internal/server/repository/memory/store.go:229.2,230.20 2 0
github.com/1Asi1/metric-track.git/internal/server/repository/memory/store.go:230.20,233.17 3 0
github.com/1Asi1/metric-track.git/internal/server/repository/memory/store.go:233.17,235.4 1 0
github.com/1Asi1/metric-track.git/internal/server/repository/memory/store.go:237.3,237.29 1 0
github.com/1Asi1/metric-track.git/internal/server/repository/memory/store.go:237.29,242.4 1 0
github.com/1Asi1/metric-track.git/internal/server/repository/memory/store.go:245.2,246.16 2 0
github.com/1Asi1/metric-track.git/internal/server/repository/memory/store.go:246.16,248.3 1 0
github.com/1Asi1/metric-track.git/internal/server/repository/memory/store.go:250.2,250.20 1 0
github.com/1Asi1/metric-track.git/internal/server/service/metric.go:50.51,55.2 1 1
github.com/1Asi1/metric-track.git/internal/server/service/metric.go:57.65,61.16 3 1
github.com/1Asi1/metric-track.git/internal/server/service/metric.go:61.16,64.3 2 0
github.com/1Asi1/metric-track.git/internal/server/service/metric.go:66.2,70.17 3 1
github.com/1Asi1/metric-track.git/internal/server/service/metric.go:73.89,77.16 3 1
github.com/1Asi1/metric-track.git/internal/server/service/metric.go:77.16,80.3 2 1
github.com/1Asi1/metric-track.git/internal/server/service/metric.go:82.2,84.24 2 1
github.com/1Asi1/metric-track.git/internal/server/service/metric.go:84.24,91.3 1 1
github.com/1Asi1/metric-track.git/internal/server/service/metric.go:93.2,98.8 1 0
github.com/1Asi1/metric-track.git/internal/server/service/metric.go:101.89,105.16 3 1
github.com/1Asi1/metric-track.git/internal/server/service/metric.go:105.16,108.3 2 0
github.com/1Asi1/metric-track.git/internal/server/service/metric.go:110.2,112.24 3 1
github.com/1Asi1/metric-track.git/internal/server/service/metric.go:112.24,114.3 1 1
github.com/1Asi1/metric-track.git/internal/server/service/metric.go:114.8,115.27 1 0
github.com/1Asi1/metric-track.git/internal/server/service/metric.go:115.27,117.4 1 0
github.com/1Asi1/metric-track.git/internal/server/service/metric.go:117.9,119.4 1 0
github.com/1Asi1/metric-track.git/internal/server/service/metric.go:121.2,130.8 3 1
github.com/1Asi1/metric-track.git/internal/server/service/metric.go:133.50,135.39 1 1
github.com/1Asi1/metric-track.git/internal/server/service/metric.go:135.39,137.3 1 0
github.com/1Asi1/metric-track.git/internal/server/service/metric.go:139.2,139.12 1 1
github.com/1Asi1/metric-track.git/internal/server/service/metric.go:142.75,144.16 2 1
github.com/1Asi1/metric-track.git/internal/server/service/metric.go:144.16,146.3 1 0
github.com/1Asi1/metric-track.git/internal/server/service/metric.go:148.2,148.24 1 1
github.com/1Asi1/metric-track.git/internal/server/service/metric.go:148.24,150.23 2 1
github.com/1Asi1/metric-track.git/internal/server/service/metric.go:150.23,152.4 1 0
github.com/1Asi1/metric-track.git/internal/server/service/metric.go:152.9,153.28 1 1
github.com/1Asi1/metric-track.git/internal/server/service/metric.go:153.28,155.5 1 0
github.com/1Asi1/metric-track.git/internal/server/service/metric.go:155.10,157.5 1 1
github.com/1Asi1/metric-track.git/internal/server/service/metric.go:159.3,159.21 1 1
github.com/1Asi1/metric-track.git/internal/server/service/metric.go:162.2,164.25 3 1
github.com/1Asi1/metric-track.git/internal/server/service/metric.go:164.25,171.3 2 1
github.com/1Asi1/metric-track.git/internal/server/service/metric.go:173.2,174.16 2 1
github.com/1Asi1/metric-track.git/internal/server/service/metric.go:174.16,176.3 1 0
github.com/1Asi1/metric-track.git/internal/server/service/metric.go:178.2,178.12 1 1
github.com/1Asi1/metric-track.git/internal/server/service/metric.go:181.67,184.26 2 1
github.com/1Asi1/metric-track.git/internal/server/service/metric.go:184.26,188.21 3 0
github.com/1Asi1/metric-track.git/internal/server/service/metric.go:188.21,190.4 1 0
github.com/1Asi1/metric-track.git/internal/server/service/metric.go:192.3,192.23 1 0
github.com/1Asi1/metric-track.git/internal/server/service/metric.go:192.23,194.4 1 0
github.com/1Asi1/metric-track.git/internal/server/service/metric.go:196.3,203.25 1 0
github.com/1Asi1/metric-track.git/internal/server/service/metric.go:206.2,221.12 2 1
github.com/1Asi1/metric-track.git/internal/server/service/metric.go:224.48,234.20 6 1
github.com/1Asi1/metric-track.git/internal/server/service/metric.go:234.20,235.50 1 1
github.com/1Asi1/metric-track.git/internal/server/service/metric.go:235.50,237.18 2 0
github.com/1Asi1/metric-track.git/internal/server/service/metric.go:237.18,239.5 1 0
github.com/1Asi1/metric-track.git/internal/server/service/metric.go:241.4,245.34 4 0
github.com/1Asi1/metric-track.git/internal/server/service/metric.go:249.2,249.33 1 1
github.com/1Asi1/metric-track.git/internal/server/transport/rest/handler.go:15.77,21.2 1 0
github.com/1Asi1/metric-track.git/internal/server/transport/rest/middleware/compress.go:15.52,17.2 1 1
github.com/1Asi1/metric-track.git/internal/server/transport/rest/middleware/compress.go:19.53,20.71 1 1
github.com/1Asi1/metric-track.git/internal/server/transport/rest/middleware/compress.go:20.71,21.65 1 1
github.com/1Asi1/metric-track.git/internal/server/transport/rest/middleware/compress.go:21.65,24.4 2 0
github.com/1Asi1/metric-track.git/internal/server/transport/rest/middleware/compress.go:26.3,27.17 2 1
github.com/1Asi1/metric-track.git/internal/server/transport/rest/middleware/compress.go:27.17,30.4 2 0
github.com/1Asi1/metric-track.git/internal/server/transport/rest/middleware/compress.go:31.3,31.16 1 1
github.com/1Asi1/metric-track.git/internal/server/transport/rest/middleware/compress.go:31.16,31.36 1 1
github.com/1Asi1/metric-track.git/internal/server/transport/rest/middleware/compress.go:33.3,34.65 2 1
github.com/1Asi1/metric-track.git/internal/server/transport/rest/middleware/hmac.go:12.79,13.54 1 1
github.com/1Asi1/metric-track.git/internal/server/transport/rest/middleware/hmac.go:13.54,15.29 2 1
github.com/1Asi1/metric-track.git/internal/server/transport/rest/middleware/hmac.go:15.29,18.4 2 1
github.com/1Asi1/metric-track.git/internal/server/transport/rest/middleware/hmac.go:20.3,23.17 4 0
github.com/1Asi1/metric-track.git/internal/server/transport/rest/middleware/hmac.go:23.17,26.4 2 0
github.com/1Asi1/metric-track.git/internal/server/transport/rest/middleware/hmac.go:28.3,30.17 3 0
github.com/1Asi1/metric-track.git/internal/server/transport/rest/middleware/hmac.go:30.17,33.4 2 0
github.com/1Asi1/metric-track.git/internal/server/transport/rest/middleware/hmac.go:35.3,36.42 2 0
github.com/1Asi1/metric-track.git/internal/server/transport/rest/middleware/hmac.go:36.42,39.4 2 0
github.com/1Asi1/metric-track.git/internal/server/transport/rest/middleware/hmac.go:41.3,41.23 1 0
github.com/1Asi1/metric-track.git/internal/server/transport/rest/v1/metric.go:19.63,21.16 2 1
github.com/1Asi1/metric-track.git/internal/server/transport/rest/v1/metric.go:21.16,24.3 2 0
github.com/1Asi1/metric-track.git/internal/server/transport/rest/v1/metric.go:26.2,29.16 4 1
github.com/1Asi1/metric-track.git/internal/server/transport/rest/v1/metric.go:29.16,31.3 1 0
github.com/1Asi1/metric-track.git/internal/server/transport/rest/v1/metric.go:35.66,39.41 3 1
github.com/1Asi1/metric-track.git/internal/server/transport/rest/v1/metric.go:39.41,42.3 2 0
github.com/1Asi1/metric-track.git/internal/server/transport/rest/v1/metric.go:44.2,44.13 1 1
github.com/1Asi1/metric-track.git/internal/server/transport/rest/v1/metric.go:44.13,47.3 2 0
github.com/1Asi1/metric-track.git/internal/server/transport/rest/v1/metric.go:49.2,55.16 3 1
github.com/1Asi1/metric-track.git/internal/server/transport/rest/v1/metric.go:55.16,56.41 1 0
github.com/1Asi1/metric-track.git/internal/server/transport/rest/v1/metric.go:56.41,59.4 2 0
github.com/1Asi1/metric-track.git/internal/server/transport/rest/v1/metric.go:61.3,62.9 2 0
github.com/1Asi1/metric-track.git/internal/server/transport/rest/v1/metric.go:65.2,68.24 3 1
github.com/1Asi1/metric-track.git/internal/server/transport/rest/v1/metric.go:68.24,72.3 3 1
github.com/1Asi1/metric-track.git/internal/server/transport/rest/v1/metric.go:74.2,75.16 2 0
github.com/1Asi1/metric-track.git/internal/server/transport/rest/v1/metric.go:75.16,77.3 1 0
github.com/1Asi1/metric-track.git/internal/server/transport/rest/v1/metric.go:81.66,84.41 2 1
github.com/1Asi1/metric-track.git/internal/server/transport/rest/v1/metric.go:84.41,87.3 2 0
github.com/1Asi1/metric-track.git/internal/server/transport/rest/v1/metric.go:89.2,91.16 3 1
github.com/1Asi1/metric-track.git/internal/server/transport/rest/v1/metric.go:91.16,94.3 2 0
github.com/1Asi1/metric-track.git/internal/server/transport/rest/v1/metric.go:96.2,105.49 4 1
github.com/1Asi1/metric-track.git/internal/server/transport/rest/v1/metric.go:105.49,108.3 2 0
github.com/1Asi1/metric-track.git/internal/server/transport/rest/v1/metric.go:110.2,110.67 1 1
github.com/1Asi1/metric-track.git/internal/server/transport/rest/v1/metric.go:110.67,113.3 2 0
github.com/1Asi1/metric-track.git/internal/server/transport/rest/v1/metric.go:115.2,118.16 4 1
github.com/1Asi1/metric-track.git/internal/server/transport/rest/v1/metric.go:118.16,120.3 1 0
github.com/1Asi1/metric-track.git/internal/server/transport/rest/v1/metric.go:124.67,129.48 4 1
github.com/1Asi1/metric-track.git/internal/server/transport/rest/v1/metric.go:129.48,131.17 2 0
github.com/1Asi1/metric-track.git/internal/server/transport/rest/v1/metric.go:131.17,135.4 3 0
github.com/1Asi1/metric-track.git/internal/server/transport/rest/v1/metric.go:136.3,136.16 1 0
github.com/1Asi1/metric-track.git/internal/server/transport/rest/v1/metric.go:136.16,136.36 1 0
github.com/1Asi1/metric-track.git/internal/server/transport/rest/v1/metric.go:138.3,138.14 1 0
github.com/1Asi1/metric-track.git/internal/server/transport/rest/v1/metric.go:139.8,141.3 1 1
github.com/1Asi1/metric-track.git/internal/server/transport/rest/v1/metric.go:143.2,144.16 2 1
github.com/1Asi1/metric-track.git/internal/server/transport/rest/v1/metric.go:144.16,148.3 3 0
github.com/1Asi1/metric-track.git/internal/server/transport/rest/v1/metric.go:150.2,151.16 2 1
github.com/1Asi1/metric-track.git/internal/server/transport/rest/v1/metric.go:151.16,154.3 2 0
github.com/1Asi1/metric-track.git/internal/server/transport/rest/v1/metric.go:156.2,156.49 1 1
github.com/1Asi1/metric-track.git/internal/server/transport/rest/v1/metric.go:156.49,161.3 4 0
github.com/1Asi1/metric-track.git/internal/server/transport/rest/v1/metric.go:163.2,164.16 2 1
github.com/1Asi1/metric-track.git/internal/server/transport/rest/v1/metric.go:164.16,167.41 2 1
github.com/1Asi1/metric-track.git/internal/server/transport/rest/v1/metric.go:167.41,170.4 2 1
github.com/1Asi1/metric-track.git/internal/server/transport/rest/v1/metric.go:172.3,173.9 2 0
github.com/1Asi1/metric-track.git/internal/server/transport/rest/v1/metric.go:176.2,177.16 2 0
github.com/1Asi1/metric-track.git/internal/server/transport/rest/v1/metric.go:177.16,180.3 2 0
github.com/1Asi1/metric-track.git/internal/server/transport/rest/v1/metric.go:182.2,186.16 4 0
github.com/1Asi1/metric-track.git/internal/server/transport/rest/v1/metric.go:186.16,188.3 1 0
github.com/1Asi1/metric-track.git/internal/server/transport/rest/v1/metric.go:192.67,197.48 4 1
github.com/1Asi1/metric-track.git/internal/server/transport/rest/v1/metric.go:197.48,199.17 2 0
github.com/1Asi1/metric-track.git/internal/server/transport/rest/v1/metric.go:199.17,203.4 3 0
github.com/1Asi1/metric-track.git/internal/server/transport/rest/v1/metric.go:204.3,204.16 1 0
github.com/1Asi1/metric-track.git/internal/server/transport/rest/v1/metric.go:204.16,204.36 1 0
github.com/1Asi1/metric-track.git/internal/server/transport/rest/v1/metric.go:205.3,205.14 1 0
github.com/1Asi1/metric-track.git/internal/server/transport/rest/v1/metric.go:206.8,208.3 1 1
github.com/1Asi1/metric-track.git/internal/server/transport/rest/v1/metric.go:210.2,211.16 2 1
github.com/1Asi1/metric-track.git/internal/server/transport/rest/v1/metric.go:211.16,215.3 3 0
github.com/1Asi1/metric-track.git/internal/server/transport/rest/v1/metric.go:217.2,218.16 2 1
github.com/1Asi1/metric-track.git/internal/server/transport/rest/v1/metric.go:218.16,221.3 2 0
github.com/1Asi1/metric-track.git/internal/server/transport/rest/v1/metric.go:223.2,223.49 1 1
github.com/1Asi1/metric-track.git/internal/server/transport/rest/v1/metric.go:223.49,228.3 4 0
github.com/1Asi1/metric-track.git/internal/server/transport/rest/v1/metric.go:230.2,231.16 2 1
github.com/1Asi1/metric-track.git/internal/server/transport/rest/v1/metric.go:231.16,235.3 3 0
github.com/1Asi1/metric-track.git/internal/server/transport/rest/v1/metric.go:237.2,238.16 2 1
github.com/1Asi1/metric-track.git/internal/server/transport/rest/v1/metric.go:238.16,241.3 2 0
github.com/1Asi1/metric-track.git/internal/server/transport/rest/v1/metric.go:243.2,247.16 4 1
github.com/1Asi1/metric-track.git/internal/server/transport/rest/v1/metric.go:247.16,249.3 1 0
github.com/1Asi1/metric-track.git/internal/server/transport/rest/v1/metric.go:253.58,257.16 3 1
github.com/1Asi1/metric-track.git/internal/server/transport/rest/v1/metric.go:257.16,260.3 2 0
github.com/1Asi1/metric-track.git/internal/server/transport/rest/v1/metric.go:262.2,264.16 3 1
github.com/1Asi1/metric-track.git/internal/server/transport/rest/v1/metric.go:264.16,266.3 1 0
github.com/1Asi1/metric-track.git/internal/server/transport/rest/v1/metric.go:270.61,275.48 4 1
github.com/1Asi1/metric-track.git/internal/server/transport/rest/v1/metric.go:275.48,277.17 2 0
github.com/1Asi1/metric-track.git/internal/server/transport/rest/v1/metric.go:277.17,281.4 3 0
github.com/1Asi1/metric-track.git/internal/server/transport/rest/v1/metric.go:282.3,282.16 1 0
github.com/1Asi1/metric-track.git/internal/server/transport/rest/v1/metric.go:282.16,282.36 1 0
github.com/1Asi1/metric-track.git/internal/server/transport/rest/v1/metric.go:283.3,283.14 1 0
github.com/1Asi1/metric-track.git/internal/server/transport/rest/v1/metric.go:284.8,286.3 1 1
github.com/1Asi1/metric-track.git/internal/server/transport/rest/v1/metric.go:288.2,289.16 2 1
github.com/1Asi1/metric-track.git/internal/server/transport/rest/v1/metric.go:289.16,293.3 3 0
github.com/1Asi1/metric-track.git/internal/server/transport/rest/v1/metric.go:295.2,296.16 2 1
github.com/1Asi1/metric-track.git/internal/server/transport/rest/v1/metric.go:296.16,299.3 2 0
github.com/1Asi1/metric-track.git/internal/server/transport/rest/v1/metric.go:301.2,302.16 2 1
github.com/1Asi1/metric-track.git/internal/server/transport/rest/v1/metric.go:302.16,306.3 3 0
github.com/1Asi1/metric-track.git/internal/server/transport/rest/v1/metric.go:308.2,312.16 4 1
github.com/1Asi1/metric-track.git/internal/server/transport/rest/v1/metric.go:312.16,314.3 1 0
github.com/1Asi1/metric-track.git/internal/server/transport/rest/v1/v1.go:16.44,25.2 3 1
github.com/1Asi1/metric-track.git/internal/server/transport/rest/v1/v1.go:27.31,28.46 1 1
github.com/1Asi1/metric-track.git/internal/server/transport/rest/v1/v1.go:28.46,36.3 7 1
